app/build 3/intermediates/manifest_merge_blame_file 2/debug/manifest-merger-blame-debug-report.txt
1<?xml version="1.0" encoding="utf-8"?>
2<manifest xmlns:android="http://schemas.android.com/apk/res/android"
3    package="com.fit5046.wildsecured"
4    android:versionCode="1"
5    android:versionName="1.0" >
6
7    <uses-sdk
7-->src/main/AndroidManifest.xml:5:5-17
8        android:minSdkVersion="24"
8-->src/main/AndroidManifest.xml:5:5-17
9        android:targetSdkVersion="30" />
9-->src/main/AndroidManifest.xml:5:5-17
10
11    <uses-permission android:name="android.permission.CAMERA" />
11-->src/main/AndroidManifest.xml:7:5-65
11-->src/main/AndroidManifest.xml:7:22-62
12
13    <uses-feature android:name="android.hardware.camera" />
13-->src/main/AndroidManifest.xml:9:5-60
13-->src/main/AndroidManifest.xml:9:19-57
14    <uses-feature android:name="android.hardware.camera.autofocus" />
14-->src/main/AndroidManifest.xml:10:5-70
14-->src/main/AndroidManifest.xml:10:19-67
15
16    <uses-permission android:name="android.permission.INTERNET" />
16-->src/main/AndroidManifest.xml:12:5-67
16-->src/main/AndroidManifest.xml:12:22-64
17    <uses-permission android:name="android.permission.ACCESS_FINE_LOCATION" />
17-->src/main/AndroidManifest.xml:13:5-79
17-->src/main/AndroidManifest.xml:13:22-76
18    <uses-permission android:name="android.permission.ACCESS_BACKGROUND_LOCATION" />
18-->src/main/AndroidManifest.xml:14:5-85
18-->src/main/AndroidManifest.xml:14:22-82
19    <uses-permission android:name="android.permission.READ_EXTERNAL_STORAGE" />
19-->src/main/AndroidManifest.xml:15:5-80
19-->src/main/AndroidManifest.xml:15:22-77
20    <uses-permission android:name="android.permission.WRITE_EXTERNAL_STORAGE" />
20-->src/main/AndroidManifest.xml:16:5-81
20-->src/main/AndroidManifest.xml:16:22-78
21    <uses-permission android:name="android.permission.ACCESS_NETWORK_STATE" />
21-->src/main/AndroidManifest.xml:17:5-79
21-->src/main/AndroidManifest.xml:17:22-76
22    <uses-permission android:name="android.permission.ACCESS_COARSE_LOCATION" />
22-->src/main/AndroidManifest.xml:18:5-81
22-->src/main/AndroidManifest.xml:18:22-78
23    <uses-permission android:name="android.permission.ACCESS_WIFI_STATE" />
23-->[com.google.android.libraries.places:places:2.4.0] AndroidManifest.xml:10:5-76
23-->[com.google.android.libraries.places:places:2.4.0] AndroidManifest.xml:10:22-73
24
25    <uses-feature
25-->[com.google.android.gms:play-services-maps:17.0.1] AndroidManifest.xml:26:5-28:35
26        android:glEsVersion="0x00020000"
26-->[com.google.android.gms:play-services-maps:17.0.1] AndroidManifest.xml:27:9-41
27        android:required="true" />
27-->[com.google.android.gms:play-services-maps:17.0.1] AndroidManifest.xml:28:9-32
28
29    <queries>
29-->[com.google.android.gms:play-services-maps:17.0.1] AndroidManifest.xml:30:5-34:15
30
31        <!-- Needs to be explicitly declared on Android R+ -->
32        <package android:name="com.google.android.apps.maps" />
32-->[com.google.android.gms:play-services-maps:17.0.1] AndroidManifest.xml:33:9-64
32-->[com.google.android.gms:play-services-maps:17.0.1] AndroidManifest.xml:33:18-61
33    </queries>
34
35    <uses-feature
35-->[com.mapbox.mapboxsdk:mapbox-android-sdk:9.2.0] AndroidManifest.xml:12:5-14:36
36        android:name="android.hardware.wifi"
36-->[com.mapbox.mapboxsdk:mapbox-android-sdk:9.2.0] AndroidManifest.xml:13:9-45
37        android:required="false" /> <!-- Required for CrashReporterJobIntentService on API levels below 25 -->
37-->[com.mapbox.mapboxsdk:mapbox-android-sdk:9.2.0] AndroidManifest.xml:14:9-33
38    <uses-permission android:name="android.permission.WAKE_LOCK" />
38-->[com.mapbox.mapboxsdk:mapbox-android-telemetry:5.0.1] AndroidManifest.xml:12:5-68
38-->[com.mapbox.mapboxsdk:mapbox-android-telemetry:5.0.1] AndroidManifest.xml:12:22-65
39
40    <application
40-->src/main/AndroidManifest.xml:21:5-70:19
41        android:name="com.fit5046.wildsecured.Utils.App"
41-->src/main/AndroidManifest.xml:22:9-34
42        android:allowBackup="true"
42-->src/main/AndroidManifest.xml:23:9-35
43        android:appComponentFactory="androidx.core.app.CoreComponentFactory"
43-->[androidx.core:core:1.5.0] AndroidManifest.xml:24:18-86
44        android:debuggable="true"
45        android:extractNativeLibs="false"
46        android:icon="@mipmap/ic_launcher"
46-->src/main/AndroidManifest.xml:24:9-43
47        android:label="@string/app_name"
47-->src/main/AndroidManifest.xml:25:9-41
48        android:requestLegacyExternalStorage="true"
48-->src/main/AndroidManifest.xml:26:9-52
49        android:roundIcon="@mipmap/ic_launcher_round"
49-->src/main/AndroidManifest.xml:27:9-54
50        android:supportsRtl="true"
50-->src/main/AndroidManifest.xml:28:9-35
51        android:testOnly="true"
52        android:theme="@style/Theme.MaterialComponents.Light.NoActionBar.Bridge" >
52-->src/main/AndroidManifest.xml:29:9-81
53        <activity android:name="com.fit5046.wildsecured.ClassifierActivity" />
53-->src/main/AndroidManifest.xml:30:9-65
53-->src/main/AndroidManifest.xml:30:19-53
54        <activity android:name="com.fit5046.wildsecured.CameraActivity" />
54-->src/main/AndroidManifest.xml:31:9-52
54-->src/main/AndroidManifest.xml:31:19-49
55        <activity android:name="com.fit5046.wildsecured.WildlifeDetailActivity" />
55-->src/main/AndroidManifest.xml:32:9-60
55-->src/main/AndroidManifest.xml:32:19-57
56        <activity android:name="com.fit5046.wildsecured.SavedPlacesActivity" />
56-->src/main/AndroidManifest.xml:33:9-57
56-->src/main/AndroidManifest.xml:33:19-54
57        <activity android:name="com.fit5046.wildsecured.CategoryViewActivity" />
57-->src/main/AndroidManifest.xml:34:9-58
57-->src/main/AndroidManifest.xml:34:19-55
58        <activity
58-->src/main/AndroidManifest.xml:35:9-37:52
59            android:name="com.fit5046.wildsecured.CheckListActivity"
59-->src/main/AndroidManifest.xml:36:13-46
60            android:screenOrientation="portrait" />
60-->src/main/AndroidManifest.xml:37:13-49
61        <activity
61-->src/main/AndroidManifest.xml:38:9-40:52
62            android:name="com.fit5046.wildsecured.GearInfoActivity"
62-->src/main/AndroidManifest.xml:39:13-45
63            android:screenOrientation="portrait" />
63-->src/main/AndroidManifest.xml:40:13-49
64        <activity
64-->src/main/AndroidManifest.xml:41:9-43:52
65            android:name="com.fit5046.wildsecured.InsectInfoActivity"
65-->src/main/AndroidManifest.xml:42:13-47
66            android:screenOrientation="portrait" />
66-->src/main/AndroidManifest.xml:43:13-49
67        <activity
67-->src/main/AndroidManifest.xml:44:9-46:52
68            android:name="com.fit5046.wildsecured.SunInfoActivity"
68-->src/main/AndroidManifest.xml:45:13-44
69            android:screenOrientation="portrait" />
69-->src/main/AndroidManifest.xml:46:13-49
70        <activity
70-->src/main/AndroidManifest.xml:47:9-49:52
71            android:name="com.fit5046.wildsecured.AnimalInfoActivity"
71-->src/main/AndroidManifest.xml:48:13-47
72            android:screenOrientation="portrait" />
72-->src/main/AndroidManifest.xml:49:13-49
73        <activity
73-->src/main/AndroidManifest.xml:50:9-53:59
74            android:name="com.fit5046.wildsecured.Home"
74-->src/main/AndroidManifest.xml:51:13-33
75            android:screenOrientation="portrait"
75-->src/main/AndroidManifest.xml:52:13-49
76            android:windowSoftInputMode="adjustNothing" />
76-->src/main/AndroidManifest.xml:53:13-56
77        <activity
77-->src/main/AndroidManifest.xml:54:9-62:20
78            android:name="com.fit5046.wildsecured.StartUp"
78-->src/main/AndroidManifest.xml:55:13-36
79            android:screenOrientation="portrait" >
79-->src/main/AndroidManifest.xml:56:13-49
80            <intent-filter>
80-->src/main/AndroidManifest.xml:57:13-61:29
81                <action android:name="android.intent.action.MAIN" />
81-->src/main/AndroidManifest.xml:58:17-69
81-->src/main/AndroidManifest.xml:58:25-66
82
83                <category android:name="android.intent.category.LAUNCHER" />
83-->src/main/AndroidManifest.xml:60:17-77
83-->src/main/AndroidManifest.xml:60:27-74
84            </intent-filter>
85        </activity>
86
87        <meta-data
87-->src/main/AndroidManifest.xml:64:9-66:69
88            android:name="com.google.android.gms.version"
88-->src/main/AndroidManifest.xml:65:13-58
89            android:value="@integer/google_play_services_version" />
89-->src/main/AndroidManifest.xml:66:13-66
90        <meta-data
90-->src/main/AndroidManifest.xml:67:9-69:54
91            android:name="com.google.android.geo.API_KEY"
91-->src/main/AndroidManifest.xml:68:13-58
92            android:value="@string/GOOGLE_API_KEY" />
92-->src/main/AndroidManifest.xml:69:13-51
93
94        <activity
94-->[com.google.android.libraries.places:places:2.4.0] AndroidManifest.xml:14:9-20:20
95            android:name="com.google.android.libraries.places.widget.AutocompleteActivity"
95-->[com.google.android.libraries.places:places:2.4.0] AndroidManifest.xml:15:13-91
96            android:exported="false"
96-->[com.google.android.libraries.places:places:2.4.0] AndroidManifest.xml:16:13-37
97            android:label="@string/places_autocomplete_label"
97-->[com.google.android.libraries.places:places:2.4.0] AndroidManifest.xml:17:13-62
98            android:theme="@style/PlacesAutocompleteOverlay"
98-->[com.google.android.libraries.places:places:2.4.0] AndroidManifest.xml:18:13-61
99            android:windowSoftInputMode="adjustResize" >
99-->[com.google.android.libraries.places:places:2.4.0] AndroidManifest.xml:19:13-55
100        </activity>
101
102        <service
102-->[androidx.room:room-runtime:2.3.0] AndroidManifest.xml:25:9-28:40
103            android:name="androidx.room.MultiInstanceInvalidationService"
103-->[androidx.room:room-runtime:2.3.0] AndroidManifest.xml:26:13-74
104            android:directBootAware="true"
104-->[androidx.room:room-runtime:2.3.0] AndroidManifest.xml:27:13-43
105            android:exported="false" /> <!-- Needs to be explicitly declared on P+ -->
105-->[androidx.room:room-runtime:2.3.0] AndroidManifest.xml:28:13-37
106        <uses-library
106-->[com.google.android.gms:play-services-maps:17.0.1] AndroidManifest.xml:39:9-41:40
107            android:name="org.apache.http.legacy"
107-->[com.google.android.gms:play-services-maps:17.0.1] AndroidManifest.xml:40:13-50
108            android:required="false" />
108-->[com.google.android.gms:play-services-maps:17.0.1] AndroidManifest.xml:41:13-37
109
110        <activity
110-->[com.google.android.gms:play-services-base:17.5.0] AndroidManifest.xml:23:9-26:75
111            android:name="com.google.android.gms.common.api.GoogleApiActivity"
111-->[com.google.android.gms:play-services-base:17.5.0] AndroidManifest.xml:24:13-79
112            android:exported="false"
112-->[com.google.android.gms:play-services-base:17.5.0] AndroidManifest.xml:25:13-37
113            android:theme="@android:style/Theme.Translucent.NoTitleBar" />
113-->[com.google.android.gms:play-services-base:17.5.0] AndroidManifest.xml:26:13-72
114
115        <provider
115-->[com.mapbox.mapboxsdk:mapbox-android-telemetry:5.0.1] AndroidManifest.xml:18:9-22:39
116            android:name="com.mapbox.android.telemetry.provider.MapboxTelemetryInitProvider"
116-->[com.mapbox.mapboxsdk:mapbox-android-telemetry:5.0.1] AndroidManifest.xml:19:13-93
117            android:authorities="com.fit5046.wildsecured.mapboxtelemetryinitprovider"
117-->[com.mapbox.mapboxsdk:mapbox-android-telemetry:5.0.1] AndroidManifest.xml:20:13-79
118            android:exported="false"
118-->[com.mapbox.mapboxsdk:mapbox-android-telemetry:5.0.1] AndroidManifest.xml:21:13-37
119            android:initOrder="100" />
119-->[com.mapbox.mapboxsdk:mapbox-android-telemetry:5.0.1] AndroidManifest.xml:22:13-36
120
121        <service
121-->[com.mapbox.mapboxsdk:mapbox-android-telemetry:5.0.1] AndroidManifest.xml:24:9-26:72
122            android:name="com.mapbox.android.telemetry.errors.ErrorReporterJobIntentService"
122-->[com.mapbox.mapboxsdk:mapbox-android-telemetry:5.0.1] AndroidManifest.xml:25:13-93
123            android:permission="android.permission.BIND_JOB_SERVICE" />
123-->[com.mapbox.mapboxsdk:mapbox-android-telemetry:5.0.1] AndroidManifest.xml:26:13-69
124
125        <provider
125-->[androidx.lifecycle:lifecycle-process:2.1.0] AndroidManifest.xml:23:9-27:43
126            android:name="androidx.lifecycle.ProcessLifecycleOwnerInitializer"
126-->[androidx.lifecycle:lifecycle-process:2.1.0] AndroidManifest.xml:24:13-79
127            android:authorities="com.fit5046.wildsecured.lifecycle-process"
127-->[androidx.lifecycle:lifecycle-process:2.1.0] AndroidManifest.xml:25:13-69
128            android:exported="false"
128-->[androidx.lifecycle:lifecycle-process:2.1.0] AndroidManifest.xml:26:13-37
129            android:multiprocess="true" />
129-->[androidx.lifecycle:lifecycle-process:2.1.0] AndroidManifest.xml:27:13-40
130
131        <service
131-->[com.google.android.datatransport:transport-backend-cct:2.3.0] AndroidManifest.xml:29:9-35:19
132            android:name="com.google.android.datatransport.runtime.backends.TransportBackendDiscovery"
132-->[com.google.android.datatransport:transport-backend-cct:2.3.0] AndroidManifest.xml:30:13-103
133            android:exported="false" >
133-->[com.google.android.datatransport:transport-backend-cct:2.3.0] AndroidManifest.xml:31:13-37
134            <meta-data
134-->[com.google.android.datatransport:transport-backend-cct:2.3.0] AndroidManifest.xml:32:13-34:39
135                android:name="backend:com.google.android.datatransport.cct.CctBackendFactory"
135-->[com.google.android.datatransport:transport-backend-cct:2.3.0] AndroidManifest.xml:33:17-94
136                android:value="cct" />
136-->[com.google.android.datatransport:transport-backend-cct:2.3.0] AndroidManifest.xml:34:17-36
137        </service>
138        <service
138-->[com.google.android.datatransport:transport-runtime:2.2.3] AndroidManifest.xml:26:9-30:19
139            android:name="com.google.android.datatransport.runtime.scheduling.jobscheduling.JobInfoSchedulerService"
139-->[com.google.android.datatransport:transport-runtime:2.2.3] AndroidManifest.xml:27:13-117
140            android:exported="false"
140-->[com.google.android.datatransport:transport-runtime:2.2.3] AndroidManifest.xml:28:13-37
141            android:permission="android.permission.BIND_JOB_SERVICE" >
141-->[com.google.android.datatransport:transport-runtime:2.2.3] AndroidManifest.xml:29:13-69
142        </service>
143
144        <receiver
144-->[com.google.android.datatransport:transport-runtime:2.2.3] AndroidManifest.xml:32:9-34:40
145            android:name="com.google.android.datatransport.runtime.scheduling.jobscheduling.AlarmManagerSchedulerBroadcastReceiver"
145-->[com.google.android.datatransport:transport-runtime:2.2.3] AndroidManifest.xml:33:13-132
146            android:exported="false" />
146-->[com.google.android.datatransport:transport-runtime:2.2.3] AndroidManifest.xml:34:13-37
147    </application>
148
149</manifest>